0 info it worked if it ends with ok
1 verbose cli [ '/home/laptop/.nvm/v0.10.33/bin/node',
1 verbose cli   '/home/laptop/.nvm/v0.10.33/bin/npm',
1 verbose cli   'install',
1 verbose cli   '--global',
1 verbose cli   'gulp-span-shim' ]
2 info using npm@1.4.28
3 info using node@v0.10.33
4 verbose cache add [ 'gulp-span-shim', null ]
5 verbose cache add name=undefined spec="gulp-span-shim" args=["gulp-span-shim",null]
6 verbose parsed url { protocol: null,
6 verbose parsed url   slashes: null,
6 verbose parsed url   auth: null,
6 verbose parsed url   host: null,
6 verbose parsed url   port: null,
6 verbose parsed url   hostname: null,
6 verbose parsed url   hash: null,
6 verbose parsed url   search: null,
6 verbose parsed url   query: null,
6 verbose parsed url   pathname: 'gulp-span-shim',
6 verbose parsed url   path: 'gulp-span-shim',
6 verbose parsed url   href: 'gulp-span-shim' }
7 silly lockFile b8adf8eb-gulp-span-shim gulp-span-shim
8 verbose lock gulp-span-shim /home/laptop/.npm/b8adf8eb-gulp-span-shim.lock
9 silly lockFile b8adf8eb-gulp-span-shim gulp-span-shim
10 silly lockFile b8adf8eb-gulp-span-shim gulp-span-shim
11 verbose addNamed [ 'gulp-span-shim', '' ]
12 verbose addNamed [ null, '*' ]
13 silly lockFile 6abff0a7-gulp-span-shim gulp-span-shim@
14 verbose lock gulp-span-shim@ /home/laptop/.npm/6abff0a7-gulp-span-shim.lock
15 silly addNameRange { name: 'gulp-span-shim', range: '*', hasData: false }
16 verbose request where is /gulp-span-shim
17 verbose request registry https://registry.npmjs.org/
18 verbose request id 8a8f94897043e62d
19 verbose url raw /gulp-span-shim
20 verbose url resolving [ 'https://registry.npmjs.org/', './gulp-span-shim' ]
21 verbose url resolved https://registry.npmjs.org/gulp-span-shim
22 verbose request where is https://registry.npmjs.org/gulp-span-shim
23 info trying registry request attempt 1 at 19:14:53
24 http GET https://registry.npmjs.org/gulp-span-shim
25 http 404 https://registry.npmjs.org/gulp-span-shim
26 verbose headers { date: 'Tue, 20 Jan 2015 01:14:53 GMT',
26 verbose headers   server: 'CouchDB/1.5.0 (Erlang OTP/R16B03)',
26 verbose headers   'content-type': 'application/json',
26 verbose headers   'cache-control': 'max-age=0',
26 verbose headers   'content-length': '52',
26 verbose headers   'accept-ranges': 'bytes',
26 verbose headers   via: '1.1 varnish',
26 verbose headers   age: '0',
26 verbose headers   'x-served-by': 'cache-iad2146-IAD',
26 verbose headers   'x-cache': 'MISS',
26 verbose headers   'x-cache-hits': '0',
26 verbose headers   'x-timer': 'S1421716493.838160,VS0,VE56',
26 verbose headers   'keep-alive': 'timeout=10, max=50',
26 verbose headers   connection: 'Keep-Alive' }
27 silly registry.get cb [ 404,
27 silly registry.get   { date: 'Tue, 20 Jan 2015 01:14:53 GMT',
27 silly registry.get     server: 'CouchDB/1.5.0 (Erlang OTP/R16B03)',
27 silly registry.get     'content-type': 'application/json',
27 silly registry.get     'cache-control': 'max-age=0',
27 silly registry.get     'content-length': '52',
27 silly registry.get     'accept-ranges': 'bytes',
27 silly registry.get     via: '1.1 varnish',
27 silly registry.get     age: '0',
27 silly registry.get     'x-served-by': 'cache-iad2146-IAD',
27 silly registry.get     'x-cache': 'MISS',
27 silly registry.get     'x-cache-hits': '0',
27 silly registry.get     'x-timer': 'S1421716493.838160,VS0,VE56',
27 silly registry.get     'keep-alive': 'timeout=10, max=50',
27 silly registry.get     connection: 'Keep-Alive' } ]
28 silly lockFile 6abff0a7-gulp-span-shim gulp-span-shim@
29 silly lockFile 6abff0a7-gulp-span-shim gulp-span-shim@
30 error 404 404 Not Found: gulp-span-shim
30 error 404
30 error 404 'gulp-span-shim' is not in the npm registry.
30 error 404 You should bug the author to publish it
30 error 404
30 error 404 Note that you can also install from a
30 error 404 tarball, folder, or http url, or git url.
31 error System Linux 3.13.0-44-generic
32 error command "/home/laptop/.nvm/v0.10.33/bin/node" "/home/laptop/.nvm/v0.10.33/bin/npm" "install" "--global" "gulp-span-shim"
33 error cwd /home/laptop/slides/Class-Slides
34 error node -v v0.10.33
35 error npm -v 1.4.28
36 error code E404
37 verbose exit [ 1, true ]
